<?xml version="1.0" encoding="UTF-8"?>
<!-- Generated by org.testng.reporters.JUnitReportReporter -->
<testsuite skipped="0" hostname="Chinmays-MacBook-Pro.local" name="Tests.NewTest" tests="1" failures="0" timestamp="13 Oct 2017 04:24:24 GMT" time="5.591" errors="0">
  <testcase name="openGoogle" time="5.591" classname="Tests.NewTest"/>
</testsuite> <!-- Tests.NewTest -->
